Arguments: 
  /home/pi/.config/nvm/versions/node/v10.19.0/bin/node /home/pi/.config/nvm/versions/node/v10.19.0/bin/yarn add pigpiod

PATH: 
  /home/pi/.config/nvm/versions/node/v10.19.0/bin:/usr/local/sbin:/usr/local/bin:/usr/sbin:/usr/bin:/sbin:/bin:/usr/local/games:/usr/games

Yarn version: 
  1.22.0

Node version: 
  10.19.0

Platform: 
  linux arm

Trace: 
  Error: https://registry.yarnpkg.com/pigpiod: Not found
      at Request.params.callback [as _callback] (/home/pi/.config/nvm/versions/node/v10.19.0/lib/node_modules/yarn/lib/cli.js:66975:18)
      at Request.self.callback (/home/pi/.config/nvm/versions/node/v10.19.0/lib/node_modules/yarn/lib/cli.js:140727:22)
      at Request.emit (events.js:198:13)
      at Request.<anonymous> (/home/pi/.config/nvm/versions/node/v10.19.0/lib/node_modules/yarn/lib/cli.js:141699:10)
      at Request.emit (events.js:198:13)
      at IncomingMessage.<anonymous> (/home/pi/.config/nvm/versions/node/v10.19.0/lib/node_modules/yarn/lib/cli.js:141621:12)
      at Object.onceWrapper (events.js:286:20)
      at IncomingMessage.emit (events.js:203:15)
      at endReadableNT (_stream_readable.js:1145:12)
      at process._tickCallback (internal/process/next_tick.js:63:19)

npm manifest: 
  No manifest

yarn manifest: 
  No manifest

Lockfile: 
  # THIS IS AN AUTOGENERATED FILE. DO NOT EDIT THIS FILE DIRECTLY.
  # yarn lockfile v1
